2021-05-22 17:52:27 INFO  Hooks:27 - LOG: Before method and initializing driver session ....
2021-05-22 17:52:27 INFO  HelperUtility:68 - LOG: start for get properties >>>>>> 
2021-05-22 17:52:27 INFO  HelperUtility:88 - LOG:Before returning props >>>>>>>>
2021-05-22 17:52:27 INFO  Hooks:31 - LOG: got browser name from mvn command  ....Chrome
2021-05-22 17:52:34 INFO  Hooks:34 - LOG: got driver instance succesffully  ....
2021-05-22 17:52:50 INFO  StepDefinitions:30 - LOG: I am on the homeloan page step 
2021-05-22 17:52:50 INFO  StepDefinitions:36 - LOG: Provide all the input for home loan calculator  validData
2021-05-22 17:52:50 INFO  StepDefinitions:38 - {"income":"80000","otherIncome":"10000","livingExpenses":"500","applicationType":"Single","noOfDependents":"0","otherLoanExpenses":"100","otherCommitments":"0","totalCreditCardLimit":"10000","propertyType":"HomeToLiveIn","homeLoanExpenses":"0","dataSet":"validData"}
2021-05-22 17:52:50 INFO  HomeLoanPage:35 - Checked   ...............true
2021-05-22 17:52:50 INFO  HomeLoanPage:37 - Checked already ...............
2021-05-22 17:52:50 INFO  HomeLoanPage:52 - Checked already ...............
2021-05-22 17:52:55 INFO  StepDefinitions:56 - LOG: amount that can be borrowed 
2021-05-22 17:52:55 INFO  HomeLoanPage:128 - Amount displayed = > $507,000
2021-05-22 17:52:55 INFO  Hooks:42 - LOG: After method and closing driver session ....
2021-05-22 17:52:56 INFO  Hooks:27 - LOG: Before method and initializing driver session ....
2021-05-22 17:52:56 INFO  HelperUtility:68 - LOG: start for get properties >>>>>> 
2021-05-22 17:52:56 INFO  HelperUtility:88 - LOG:Before returning props >>>>>>>>
2021-05-22 17:52:56 INFO  Hooks:31 - LOG: got browser name from mvn command  ....Chrome
2021-05-22 17:53:04 INFO  Hooks:34 - LOG: got driver instance succesffully  ....
2021-05-22 17:53:18 INFO  StepDefinitions:30 - LOG: I am on the homeloan page step 
2021-05-22 17:53:18 INFO  StepDefinitions:36 - LOG: Provide all the input for home loan calculator  invalidData
2021-05-22 17:53:18 INFO  StepDefinitions:38 - {"income":"0","otherIncome":"0","livingExpenses":"1","applicationType":"Single","noOfDependents":"0","otherLoanExpenses":"0","otherCommitments":"0","totalCreditCardLimit":"0","propertyType":"HomeToLiveIn","homeLoanExpenses":"0","dataSet":"invalidData"}
2021-05-22 17:53:18 INFO  HomeLoanPage:35 - Checked   ...............true
2021-05-22 17:53:18 INFO  HomeLoanPage:37 - Checked already ...............
2021-05-22 17:53:18 INFO  HomeLoanPage:52 - Checked already ...............
2021-05-22 17:53:22 INFO  Hooks:42 - LOG: After method and closing driver session ....
2021-05-22 17:53:25 INFO  Hooks:27 - LOG: Before method and initializing driver session ....
2021-05-22 17:53:25 INFO  HelperUtility:68 - LOG: start for get properties >>>>>> 
2021-05-22 17:53:25 INFO  HelperUtility:88 - LOG:Before returning props >>>>>>>>
2021-05-22 17:53:25 INFO  Hooks:31 - LOG: got browser name from mvn command  ....Chrome
2021-05-22 17:53:30 INFO  Hooks:34 - LOG: got driver instance succesffully  ....
2021-05-22 17:53:38 INFO  StepDefinitions:30 - LOG: I am on the homeloan page step 
2021-05-22 17:53:38 INFO  StepDefinitions:36 - LOG: Provide all the input for home loan calculator  invalidData
2021-05-22 17:53:38 INFO  StepDefinitions:38 - {"income":"0","otherIncome":"0","livingExpenses":"1","applicationType":"Single","noOfDependents":"0","otherLoanExpenses":"0","otherCommitments":"0","totalCreditCardLimit":"0","propertyType":"HomeToLiveIn","homeLoanExpenses":"0","dataSet":"invalidData"}
2021-05-22 17:53:38 INFO  HomeLoanPage:35 - Checked   ...............true
2021-05-22 17:53:38 INFO  HomeLoanPage:37 - Checked already ...............
2021-05-22 17:53:38 INFO  HomeLoanPage:52 - Checked already ...............
2021-05-22 17:53:46 INFO  HomeLoanPage:150 - LOG: going to verify if the fields are reset after selecting start over
2021-05-22 17:53:46 INFO  HomeLoanPage:151 - Living Expenses = true
2021-05-22 17:53:46 INFO  HomeLoanPage:152 - homeLoanRepay = true
2021-05-22 17:53:46 INFO  HomeLoanPage:153 - otherIncome = true
2021-05-22 17:53:46 INFO  HomeLoanPage:154 - creditCardLimit = true
2021-05-22 17:53:46 INFO  HomeLoanPage:155 - otherCommimnt = true
2021-05-22 17:53:46 INFO  Hooks:42 - LOG: After method and closing driver session ....
